2024-01-15 17:01:07.642059: I tensorflow/core/platform/cpu_feature_guard.cc:193] This TensorFlow binary is optimized with oneAPI Deep Neural Network Library (oneDNN) to use the following CPU instructions in performance-critical operations:  AVX2 FMA
To enable them in other operations, rebuild TensorFlow with the appropriate compiler flags.
2024-01-15 17:01:08.002555: W tensorflow/compiler/xla/stream_executor/platform/default/dso_loader.cc:64] Could not load dynamic library 'libcudart.so.11.0'; dlerror: libcudart.so.11.0: cannot open shared object file: No such file or directory; LD_LIBRARY_PATH: /cluster/apps/lsf/10.1/linux2.6-glibc2.3-x86_64/lib:/cluster/apps/gcc-4.8.5/r-4.1.3-zhohf2ta256vpv74j4uq24doqdfqyllj/rlib/R/lib:/cluster/apps/gcc-4.8.5/zlib-1.2.9-dfllxkobdix3ujpfjwsnnyv6vj7ufwcw/lib:/cluster/apps/gcc-4.8.5/openblas-0.2.20-ut6yhgxs5opzdjsqbfm7kaodfpqj7haf/lib:/cluster/apps/nss/python/3.7.4/x86_64/lib64:/cluster/apps/gcc-4.8.5/hdf5-1.10.9-j3urjulfpkxdslamrubc4p4ssfv5g5iu/lib:/cluster/apps/gcc-4.8.5/fastqc-0.11.9-idl77akhjkw5ounkpxxur2vg74aigeep/lib:/cluster/apps/gcc-4.8.5/emboss-6.6.0-j6uwtc5qzuwmm37w4fetov5n4wabfskd/lib:/cluster/apps/gcc-4.8.5/boost-1.74.0-pyomvleapuufbg4siz7g3jwtkkvwfudc/lib:/cluster/apps/gcc-4.8.5/perl-5.34.0-75yvrlt7bfvt76rc7r2oh245oic3idvg/lib:/cluster/home/hugifl/resources/software/lib:/cluster/apps/lsf/10.1/linux2.6-glibc2.3-x86_64/lib::
2024-01-15 17:01:08.002607: I tensorflow/compiler/xla/stream_executor/cuda/cudart_stub.cc:29] Ignore above cudart dlerror if you do not have a GPU set up on your machine.
2024-01-15 17:01:11.873979: W tensorflow/compiler/xla/stream_executor/platform/default/dso_loader.cc:64] Could not load dynamic library 'libnvinfer.so.7'; dlerror: libnvinfer.so.7: cannot open shared object file: No such file or directory; LD_LIBRARY_PATH: /cluster/apps/lsf/10.1/linux2.6-glibc2.3-x86_64/lib:/cluster/apps/gcc-4.8.5/r-4.1.3-zhohf2ta256vpv74j4uq24doqdfqyllj/rlib/R/lib:/cluster/apps/gcc-4.8.5/zlib-1.2.9-dfllxkobdix3ujpfjwsnnyv6vj7ufwcw/lib:/cluster/apps/gcc-4.8.5/openblas-0.2.20-ut6yhgxs5opzdjsqbfm7kaodfpqj7haf/lib:/cluster/apps/nss/python/3.7.4/x86_64/lib64:/cluster/apps/gcc-4.8.5/hdf5-1.10.9-j3urjulfpkxdslamrubc4p4ssfv5g5iu/lib:/cluster/apps/gcc-4.8.5/fastqc-0.11.9-idl77akhjkw5ounkpxxur2vg74aigeep/lib:/cluster/apps/gcc-4.8.5/emboss-6.6.0-j6uwtc5qzuwmm37w4fetov5n4wabfskd/lib:/cluster/apps/gcc-4.8.5/boost-1.74.0-pyomvleapuufbg4siz7g3jwtkkvwfudc/lib:/cluster/apps/gcc-4.8.5/perl-5.34.0-75yvrlt7bfvt76rc7r2oh245oic3idvg/lib:/cluster/home/hugifl/resources/software/lib:/cluster/apps/lsf/10.1/linux2.6-glibc2.3-x86_64/lib::
2024-01-15 17:01:11.875944: W tensorflow/compiler/xla/stream_executor/platform/default/dso_loader.cc:64] Could not load dynamic library 'libnvinfer_plugin.so.7'; dlerror: libnvinfer_plugin.so.7: cannot open shared object file: No such file or directory; LD_LIBRARY_PATH: /cluster/apps/lsf/10.1/linux2.6-glibc2.3-x86_64/lib:/cluster/apps/gcc-4.8.5/r-4.1.3-zhohf2ta256vpv74j4uq24doqdfqyllj/rlib/R/lib:/cluster/apps/gcc-4.8.5/zlib-1.2.9-dfllxkobdix3ujpfjwsnnyv6vj7ufwcw/lib:/cluster/apps/gcc-4.8.5/openblas-0.2.20-ut6yhgxs5opzdjsqbfm7kaodfpqj7haf/lib:/cluster/apps/nss/python/3.7.4/x86_64/lib64:/cluster/apps/gcc-4.8.5/hdf5-1.10.9-j3urjulfpkxdslamrubc4p4ssfv5g5iu/lib:/cluster/apps/gcc-4.8.5/fastqc-0.11.9-idl77akhjkw5ounkpxxur2vg74aigeep/lib:/cluster/apps/gcc-4.8.5/emboss-6.6.0-j6uwtc5qzuwmm37w4fetov5n4wabfskd/lib:/cluster/apps/gcc-4.8.5/boost-1.74.0-pyomvleapuufbg4siz7g3jwtkkvwfudc/lib:/cluster/apps/gcc-4.8.5/perl-5.34.0-75yvrlt7bfvt76rc7r2oh245oic3idvg/lib:/cluster/home/hugifl/resources/software/lib:/cluster/apps/lsf/10.1/linux2.6-glibc2.3-x86_64/lib::
2024-01-15 17:01:11.875963: W tensorflow/compiler/tf2tensorrt/utils/py_utils.cc:38] TF-TRT Warning: Cannot dlopen some TensorRT libraries. If you would like to use Nvidia GPU with TensorRT, please make sure the missing libraries mentioned above are installed properly.
2024-01-15 17:01:20.554287: E tensorflow/compiler/xla/stream_executor/cuda/cuda_driver.cc:267] failed call to cuInit: CUDA_ERROR_NO_DEVICE: no CUDA-capable device is detected
2024-01-15 17:01:20.554585: I tensorflow/compiler/xla/stream_executor/cuda/cuda_diagnostics.cc:156] kernel driver does not appear to be running on this host (eu-a2p-438): /proc/driver/nvidia/version does not exist
2024-01-15 17:01:20.556928: I tensorflow/core/platform/cpu_feature_guard.cc:193] This TensorFlow binary is optimized with oneAPI Deep Neural Network Library (oneDNN) to use the following CPU instructions in performance-critical operations:  AVX2 FMA
To enable them in other operations, rebuild TensorFlow with the appropriate compiler flags.
/cluster/apps/nss/python/3.7.4/x86_64/lib64/python3.7/site-packages/statsmodels/tools/_testing.py:19: FutureWarning: pandas.util.testing is deprecated. Use the functions in the public API at pandas.testing instead.
  import pandas.util.testing as tm
/cluster/home/hugifl/.local/lib/python3.7/site-packages/anndata/_core/anndata.py:1785: FutureWarning: X.dtype being converted to np.float32 from float64. In the next version of anndata (0.9) conversion will not be automatic. Pass dtype explicitly to avoid this warning. Pass `AnnData(X, dtype=X.dtype, ...)` to get the future behavour.
  [AnnData(sparse.csr_matrix(a.shape), obs=a.obs) for a in all_adatas],
/cluster/home/hugifl/.local/lib/python3.7/site-packages/keras/backend.py:452: UserWarning: `tf.keras.backend.set_learning_phase` is deprecated and will be removed after 2020-10-11. To update it, simply pass a True/False value to the `training` argument of the `__call__` method of your layer or model.
  "`tf.keras.backend.set_learning_phase` is deprecated and "
/cluster/home/hugifl/.local/lib/python3.7/site-packages/scanpy/tools/_tsne.py:115: UserWarning: In previous versions of scanpy, calling tsne with n_jobs > 1 would use MulticoreTSNE. Now this uses the scikit-learn version of TSNE by default. If you'd like the old behaviour (which is deprecated), pass 'use_fast_tsne=True'. Note, MulticoreTSNE is not actually faster anymore.
  "In previous versions of scanpy, calling tsne with n_jobs > 1 would use "
/cluster/home/hugifl/.local/lib/python3.7/site-packages/sklearn/manifold/_t_sne.py:783: FutureWarning: The default initialization in TSNE will change from 'random' to 'pca' in 1.2.
  FutureWarning,
/cluster/home/hugifl/.local/lib/python3.7/site-packages/anndata/_core/anndata.py:1785: FutureWarning: X.dtype being converted to np.float32 from float64. In the next version of anndata (0.9) conversion will not be automatic. Pass dtype explicitly to avoid this warning. Pass `AnnData(X, dtype=X.dtype, ...)` to get the future behavour.
  [AnnData(sparse.csr_matrix(a.shape), obs=a.obs) for a in all_adatas],
/cluster/home/hugifl/.local/lib/python3.7/site-packages/keras/backend.py:452: UserWarning: `tf.keras.backend.set_learning_phase` is deprecated and will be removed after 2020-10-11. To update it, simply pass a True/False value to the `training` argument of the `__call__` method of your layer or model.
  "`tf.keras.backend.set_learning_phase` is deprecated and "
/cluster/home/hugifl/.local/lib/python3.7/site-packages/scanpy/tools/_tsne.py:115: UserWarning: In previous versions of scanpy, calling tsne with n_jobs > 1 would use MulticoreTSNE. Now this uses the scikit-learn version of TSNE by default. If you'd like the old behaviour (which is deprecated), pass 'use_fast_tsne=True'. Note, MulticoreTSNE is not actually faster anymore.
  "In previous versions of scanpy, calling tsne with n_jobs > 1 would use "
/cluster/home/hugifl/.local/lib/python3.7/site-packages/sklearn/manifold/_t_sne.py:783: FutureWarning: The default initialization in TSNE will change from 'random' to 'pca' in 1.2.
  FutureWarning,
/cluster/home/hugifl/.local/lib/python3.7/site-packages/anndata/_core/anndata.py:1785: FutureWarning: X.dtype being converted to np.float32 from float64. In the next version of anndata (0.9) conversion will not be automatic. Pass dtype explicitly to avoid this warning. Pass `AnnData(X, dtype=X.dtype, ...)` to get the future behavour.
  [AnnData(sparse.csr_matrix(a.shape), obs=a.obs) for a in all_adatas],
Loaded checkpoint
Loaded from cache /cluster/scratch/hugifl/4_glycomics_3/1_init_lectin_codes.h5ad
Loaded from cache /cluster/scratch/hugifl/4_glycomics_3/1_init/evals.h5ad
Loaded checkpoint
Loaded checkpoint
divergence score:  1.2191428555571167
Plotting latent space after 1 iterations of integration
Read from /cluster/scratch/hugifl/4_glycomics_3/2_integration_iteration_1_lectin/evals.h5ad
Loaded checkpoint
Loaded checkpoint
divergence score:  1.0632181467748056
Plotting latent space after 2 iterations of integration
Read from /cluster/scratch/hugifl/4_glycomics_3/2_integration_iteration_2_AB/evals.h5ad
Loaded checkpoint
Loaded checkpoint
divergence score:  0.8578270803184852
Plotting latent space after 3 iterations of integration
Read from /cluster/scratch/hugifl/4_glycomics_3/2_integration_iteration_3_lectin/evals.h5ad
Training integration
Epoch 0
Epoch 1
Epoch 2
Epoch 3
Epoch 4
Epoch 5
Epoch 6
Epoch 7
Epoch 8
Epoch 9
Epoch 10
Epoch 11
Epoch 12
Epoch 13
Epoch 14
Epoch 15
Epoch 16
Epoch 17
Epoch 18
Epoch 19
Epoch 20
Epoch 21
Epoch 22
Epoch 23
Epoch 24
Epoch 25
Epoch 26
Epoch 27
Epoch 28
Epoch 29
Epoch 30
Epoch 31
Epoch 32
Epoch 33
Epoch 34
Epoch 35
Epoch 36
Epoch 37
Epoch 38
Epoch 39
Epoch 40
Epoch 41
Epoch 42
Epoch 43
Epoch 44
Epoch 45
Epoch 46
Epoch 47
Epoch 48
Epoch 49
Epoch 50
Epoch 51
Epoch 52
Epoch 53
Epoch 54
Epoch 55
Epoch 56
Epoch 57
Epoch 58
Epoch 59
Epoch 60
Epoch 61
Epoch 62
Epoch 63
Epoch 64
Epoch 65
Epoch 66
Epoch 67
Epoch 68
Epoch 69
Epoch 70
Epoch 71
Epoch 72
Epoch 73
Epoch 74
Epoch 75
Epoch 76
Epoch 77
Epoch 78
Epoch 79
Epoch 80
Epoch 81
Epoch 82
Epoch 83
Epoch 84
Epoch 85
Epoch 86
Epoch 87
Epoch 88
Epoch 89
Epoch 90
Epoch 91
Epoch 92
Epoch 93
Epoch 94
Epoch 95
Epoch 96
Epoch 97
Epoch 98
Epoch 99
Epoch 100
Epoch 101
Epoch 102
Epoch 103
Epoch 104
Epoch 105
Epoch 106
Epoch 107
Epoch 108
Epoch 109
Epoch 110
Epoch 111
Epoch 112
Epoch 113
Epoch 114
Epoch 115
Epoch 116
Epoch 117
Epoch 118
Epoch 119
Epoch 120
Epoch 121
Epoch 122
Epoch 123
Epoch 124
Epoch 125
Epoch 126
Epoch 127
Epoch 128
Epoch 129
Epoch 130
Epoch 131
Epoch 132
Epoch 133
Epoch 134
Epoch 135
Epoch 136
Epoch 137
Epoch 138
Epoch 139
Epoch 140
Epoch 141
Epoch 142
Epoch 143
Epoch 144
Epoch 145
Epoch 146
Epoch 147
Epoch 148
Epoch 149
Epoch 150
Epoch 151
Epoch 152
Epoch 153
Epoch 154
Epoch 155
Epoch 156
Epoch 157
Epoch 158
Epoch 159
Epoch 160
Epoch 161
Epoch 162
Epoch 163
Epoch 164
Epoch 165
Epoch 166
Epoch 167
Epoch 168
Epoch 169
Epoch 170
Epoch 171
Epoch 172
Epoch 173
Epoch 174
Epoch 175
Epoch 176
Epoch 177
Epoch 178
Epoch 179
Epoch 180
Epoch 181
Epoch 182
Epoch 183
Epoch 184
Epoch 185
Epoch 186
Epoch 187
Epoch 188
Epoch 189
Epoch 190
Epoch 191
Epoch 192
Epoch 193
Epoch 194
Epoch 195
Epoch 196
Epoch 197
Epoch 198
Epoch 199
Epoch 200
Epoch 201
Epoch 202
Epoch 203
Epoch 204
Epoch 205
Epoch 206
Epoch 207
Epoch 208
Epoch 209
Epoch 210
Epoch 211
Epoch 212
Epoch 213
Epoch 214
Epoch 215
Epoch 216
Epoch 217
Epoch 218
Epoch 219
Epoch 220
Epoch 221
Epoch 222
Epoch 223
Epoch 224
Epoch 225
Epoch 226
Epoch 227
Epoch 228
Epoch 229
Epoch 230
Epoch 231
Epoch 232
Epoch 233
Epoch 234
Epoch 235
Epoch 236
Epoch 237
Epoch 238
Epoch 239
Epoch 240
Epoch 241
Epoch 242
Epoch 243
Epoch 244
Epoch 245
Epoch 246
Epoch 247
Epoch 248
Epoch 249
Epoch 250
Epoch 251
Epoch 252
Epoch 253
Epoch 254
Epoch 255
Epoch 256
Epoch 257
Epoch 258
Epoch 259
Epoch 260
Epoch 261
Epoch 262
Epoch 263
Epoch 264
Epoch 265
Epoch 266
Epoch 267
Epoch 268
Epoch 269
Epoch 270
Epoch 271
Epoch 272
Epoch 273
Epoch 274
Epoch 275
Epoch 276
Epoch 277
Epoch 278
Epoch 279
Epoch 280
Epoch 281
Epoch 282
Epoch 283
Epoch 284
Epoch 285
Epoch 286
Epoch 287
Epoch 288
Epoch 289
Epoch 290
Epoch 291
Epoch 292
Epoch 293
Epoch 294
Epoch 295
Epoch 296
Epoch 297
Epoch 298
Epoch 299
Epoch 300
Epoch 301
Epoch 302
Epoch 303
Epoch 304
Epoch 305
Epoch 306
Epoch 307
Epoch 308
Epoch 309
Epoch 310
Epoch 311
Epoch 312
Epoch 313
Epoch 314
Epoch 315
Epoch 316
Epoch 317
Epoch 318
Epoch 319
Epoch 320
Epoch 321
Epoch 322
Epoch 323
Epoch 324
Epoch 325
Epoch 326
Epoch 327
Epoch 328
Epoch 329
Epoch 330
Epoch 331
Epoch 332
Epoch 333
Epoch 334
Epoch 335
Epoch 336
Epoch 337
Epoch 338
Epoch 339
Epoch 340
Epoch 341
Epoch 342
Epoch 343
Epoch 344
Epoch 345
Epoch 346
Epoch 347
Epoch 348
Epoch 349
Epoch 350
Epoch 351
Epoch 352
Epoch 353
Epoch 354
Epoch 355
Epoch 356
Epoch 357
Epoch 358
Epoch 359
Epoch 360
Epoch 361
Epoch 362
Epoch 363
Epoch 364
Epoch 365
Epoch 366
Epoch 367
Epoch 368
Epoch 369
Epoch 370
Epoch 371
Epoch 372
Epoch 373
Epoch 374
Epoch 375
Epoch 376
Epoch 377
Epoch 378
Epoch 379
Epoch 380
Epoch 381
Epoch 382
Epoch 383
Epoch 384
Epoch 385
Epoch 386
Epoch 387
Epoch 388
Epoch 389
Epoch 390
Epoch 391
Epoch 392
Epoch 393
Epoch 394
Epoch 395
Epoch 396
Epoch 397
Epoch 398
Epoch 399
Epoch 400
Epoch 401
Epoch 402
Epoch 403
Epoch 404
Epoch 405
Epoch 406
Epoch 407
Epoch 408
Epoch 409
Epoch 410
Epoch 411
Epoch 412
Epoch 413
Epoch 414
Epoch 415
Epoch 416
Epoch 417
Epoch 418
Epoch 419
Epoch 420
Epoch 421
Epoch 422
Epoch 423
Epoch 424
Epoch 425
Epoch 426
Epoch 427
Epoch 428
Epoch 429
Epoch 430
Epoch 431
Epoch 432
Epoch 433
Epoch 434
Epoch 435
Epoch 436
Epoch 437
Epoch 438
Epoch 439
Epoch 440
Epoch 441
Epoch 442
Epoch 443
Epoch 444
Epoch 445
Epoch 446
Epoch 447
Epoch 448
Epoch 449
Epoch 450
Epoch 451
Epoch 452
Epoch 453
Epoch 454
Epoch 455
Epoch 456
Epoch 457
Epoch 458
Epoch 459
Epoch 460
Epoch 461
Epoch 462
Epoch 463
Epoch 464
Epoch 465
Epoch 466
Epoch 467
Epoch 468
Epoch 469
Epoch 470
Epoch 471
Epoch 472
Epoch 473
Epoch 474
Epoch 475
Epoch 476
Epoch 477
Epoch 478
Epoch 479
Epoch 480
Epoch 481
Epoch 482
Epoch 483
Epoch 484
Epoch 485
Epoch 486
Epoch 487
Epoch 488
Epoch 489
Epoch 490
Epoch 491
Epoch 492
Epoch 493
Epoch 494
Epoch 495
Epoch 496
Epoch 497
Epoch 498
Epoch 499
divergence score:  0.5946505427021733
Plotting latent space after 4 iterations of integration
Cache loading failed
Training integration
Epoch 0
Epoch 1
Epoch 2
Epoch 3
Epoch 4
Epoch 5
Epoch 6
Epoch 7
Epoch 8
Epoch 9
Epoch 10
Epoch 11
Epoch 12
Epoch 13
Epoch 14
Epoch 15
Epoch 16
Epoch 17
Epoch 18
Epoch 19
Epoch 20
Epoch 21
Epoch 22
Epoch 23
Epoch 24
Epoch 25
Epoch 26
Epoch 27
Epoch 28
Epoch 29
Epoch 30
Epoch 31
Epoch 32
Epoch 33
Epoch 34
Epoch 35
Epoch 36
Epoch 37
Epoch 38
Epoch 39
Epoch 40
Epoch 41
Epoch 42
Epoch 43
Epoch 44
Epoch 45
Epoch 46
Epoch 47
Epoch 48
Epoch 49
Epoch 50
Epoch 51
Epoch 52
Epoch 53
Epoch 54
Epoch 55
Epoch 56
Epoch 57
Epoch 58
Epoch 59
Epoch 60
Epoch 61
Epoch 62
Epoch 63
Epoch 64
Epoch 65
Epoch 66
Epoch 67
Epoch 68
Epoch 69
Epoch 70
Epoch 71
Epoch 72
Epoch 73
Epoch 74
Epoch 75
Epoch 76
Epoch 77
Epoch 78
Epoch 79
Epoch 80
Epoch 81
Epoch 82
Epoch 83
Epoch 84
Epoch 85
Epoch 86
Epoch 87
Epoch 88
Epoch 89
Epoch 90
Epoch 91
Epoch 92
Epoch 93
Epoch 94
Epoch 95
Epoch 96
Epoch 97
Epoch 98
Epoch 99
Epoch 100
Epoch 101
Epoch 102
Epoch 103
Epoch 104
Epoch 105
Epoch 106
Epoch 107
Epoch 108
Epoch 109
Epoch 110
Epoch 111
Epoch 112
Epoch 113
Epoch 114
Epoch 115
Epoch 116
Epoch 117
Epoch 118
Epoch 119
Epoch 120
Epoch 121
Epoch 122
Epoch 123
Epoch 124
Epoch 125
Epoch 126
Epoch 127
Epoch 128
Epoch 129
Epoch 130
Epoch 131
Epoch 132
Epoch 133
Epoch 134
Epoch 135
Epoch 136
Epoch 137
Epoch 138
Epoch 139
Epoch 140
Epoch 141
Epoch 142
Epoch 143
Epoch 144
Epoch 145
Epoch 146
Epoch 147
Epoch 148
Epoch 149
Epoch 150
Epoch 151
Epoch 152
Epoch 153
Epoch 154
Epoch 155
Epoch 156
Epoch 157
Epoch 158
Epoch 159
Epoch 160
Epoch 161
Epoch 162
Epoch 163
Epoch 164
Epoch 165
Epoch 166
Epoch 167
Epoch 168
Epoch 169
Epoch 170
Epoch 171
Epoch 172
Epoch 173
Epoch 174
Epoch 175
Epoch 176
Epoch 177
Epoch 178
Epoch 179
Epoch 180
Epoch 181
Epoch 182
Epoch 183
Epoch 184
Epoch 185
Epoch 186
Epoch 187
Epoch 188
Epoch 189
Epoch 190
Epoch 191
Epoch 192
Epoch 193
Epoch 194
Epoch 195
Epoch 196
Epoch 197
Epoch 198
Epoch 199
Epoch 200
Epoch 201
Epoch 202
Epoch 203
Epoch 204
Epoch 205
Epoch 206
Epoch 207
Epoch 208
Epoch 209
Epoch 210
Epoch 211
Epoch 212
Epoch 213
Epoch 214
Epoch 215
Epoch 216
Epoch 217
Epoch 218
Epoch 219
Epoch 220
Epoch 221
Epoch 222
Epoch 223
Epoch 224
Epoch 225
Epoch 226
Epoch 227
Epoch 228
Epoch 229
Epoch 230
Epoch 231
Epoch 232
Epoch 233
Epoch 234
Epoch 235
Epoch 236
Epoch 237
Epoch 238
Epoch 239
Epoch 240
Epoch 241
Epoch 242
Epoch 243
Epoch 244
Epoch 245
Epoch 246
Epoch 247
Epoch 248
Epoch 249
Epoch 250
Epoch 251
Epoch 252
Epoch 253
Epoch 254
Epoch 255
Epoch 256
Epoch 257
Epoch 258
Epoch 259
Epoch 260
Epoch 261
Epoch 262
Epoch 263
Epoch 264
Epoch 265
Epoch 266
Epoch 267
Epoch 268
Epoch 269
Epoch 270
Epoch 271
Epoch 272
Epoch 273
Epoch 274
Epoch 275
Epoch 276
Epoch 277
Epoch 278
Epoch 279
Epoch 280
Epoch 281
Epoch 282
Epoch 283
Epoch 284
Epoch 285
Epoch 286
Epoch 287
Epoch 288
Epoch 289
Epoch 290
Epoch 291
Epoch 292
Epoch 293
Epoch 294
Epoch 295
Epoch 296
Epoch 297
Epoch 298
Epoch 299
Epoch 300
Epoch 301
Epoch 302
Epoch 303
Epoch 304
Epoch 305
Epoch 306
Epoch 307
Epoch 308
Epoch 309
Epoch 310
Epoch 311
Epoch 312
Epoch 313
Epoch 314
Epoch 315
Epoch 316
Epoch 317
Epoch 318
Epoch 319
Epoch 320
Epoch 321
Epoch 322
Epoch 323
Epoch 324
Epoch 325
Epoch 326
Epoch 327
Epoch 328
Epoch 329
Epoch 330
Epoch 331
Epoch 332
Epoch 333
Epoch 334
Epoch 335
Epoch 336
Epoch 337
Epoch 338
Epoch 339
Epoch 340
Epoch 341
Epoch 342
Epoch 343
Epoch 344
Epoch 345
Epoch 346
Epoch 347
Epoch 348
Epoch 349
Epoch 350
Epoch 351
Epoch 352
Epoch 353
Epoch 354
Epoch 355
Epoch 356
Epoch 357
Epoch 358
Epoch 359
Epoch 360
Epoch 361
Epoch 362
Epoch 363
Epoch 364
Epoch 365
Epoch 366
Epoch 367
Epoch 368
Epoch 369
Epoch 370
Epoch 371
Epoch 372
Epoch 373
Epoch 374
Epoch 375
Epoch 376
Epoch 377
Epoch 378
Epoch 379
Epoch 380
Epoch 381
Epoch 382
Epoch 383
Epoch 384
Epoch 385
Epoch 386
Epoch 387
Epoch 388
Epoch 389
Epoch 390
Epoch 391
Epoch 392
Epoch 393
Epoch 394
Epoch 395
Epoch 396
Epoch 397
Epoch 398
Epoch 399
Epoch 400
Epoch 401
Epoch 402
Epoch 403
Epoch 404
Epoch 405
Epoch 406
Epoch 407
Epoch 408
Epoch 409
Epoch 410
Epoch 411
Epoch 412
Epoch 413
Epoch 414
Epoch 415
Epoch 416
Epoch 417
Epoch 418
Epoch 419
Epoch 420
Epoch 421
Epoch 422
Epoch 423
Epoch 424
Epoch 425
Epoch 426
Epoch 427
Epoch 428
Epoch 429
Epoch 430
Epoch 431
Epoch 432
Epoch 433
Epoch 434
Epoch 435
Epoch 436
Epoch 437
Epoch 438
Epoch 439
Epoch 440
Epoch 441
Epoch 442
Epoch 443
Epoch 444
Epoch 445
Epoch 446
Epoch 447
Epoch 448
Epoch 449
Epoch 450
Epoch 451
Epoch 452
Epoch 453
Epoch 454
Epoch 455
Epoch 456
Epoch 457
Epoch 458
Epoch 459
Epoch 460
Epoch 461
Epoch 462
Epoch 463
Epoch 464
Epoch 465
Epoch 466
Epoch 467
Epoch 468
Epoch 469
Epoch 470
Epoch 471
Epoch 472
Epoch 473
Epoch 474
Epoch 475
Epoch 476
Epoch 477
Epoch 478
Epoch 479
Epoch 480
Epoch 481
Epoch 482
Epoch 483
Epoch 484
Epoch 485
Epoch 486
Epoch 487
Epoch 488
Epoch 489
Epoch 490
Epoch 491
Epoch 492
Epoch 493
Epoch 494
Epoch 495
Epoch 496
Epoch 497
Epoch 498
Epoch 499
divergence score:  0.7024560711675187
Plotting latent space after 5 iterations of integration
Cache loading failed
Read from cache /cluster/scratch/hugifl/4_glycomics_3/3_integrate/matches.csv
accuracy (celltype_major):  0.8382990249187432
confusion matrix (celltype_major):  Target   1     4    5  6   7
Source                      
1        7     2   14  0  12
3        0     0    2  0   0
4       89  2871  202  3  98
5        0    55  198  9  46
7        4    22   35  4  19
