2024-01-14 17:49:14.637232: I tensorflow/core/platform/cpu_feature_guard.cc:193] This TensorFlow binary is optimized with oneAPI Deep Neural Network Library (oneDNN) to use the following CPU instructions in performance-critical operations:  AVX2 FMA
To enable them in other operations, rebuild TensorFlow with the appropriate compiler flags.
2024-01-14 17:49:14.959536: W tensorflow/compiler/xla/stream_executor/platform/default/dso_loader.cc:64] Could not load dynamic library 'libcudart.so.11.0'; dlerror: libcudart.so.11.0: cannot open shared object file: No such file or directory; LD_LIBRARY_PATH: /cluster/apps/lsf/10.1/linux2.6-glibc2.3-x86_64/lib:/cluster/apps/gcc-4.8.5/r-4.1.3-zhohf2ta256vpv74j4uq24doqdfqyllj/rlib/R/lib:/cluster/apps/gcc-4.8.5/zlib-1.2.9-dfllxkobdix3ujpfjwsnnyv6vj7ufwcw/lib:/cluster/apps/gcc-4.8.5/openblas-0.2.20-ut6yhgxs5opzdjsqbfm7kaodfpqj7haf/lib:/cluster/apps/nss/python/3.7.4/x86_64/lib64:/cluster/apps/gcc-4.8.5/hdf5-1.10.9-j3urjulfpkxdslamrubc4p4ssfv5g5iu/lib:/cluster/apps/gcc-4.8.5/fastqc-0.11.9-idl77akhjkw5ounkpxxur2vg74aigeep/lib:/cluster/apps/gcc-4.8.5/emboss-6.6.0-j6uwtc5qzuwmm37w4fetov5n4wabfskd/lib:/cluster/apps/gcc-4.8.5/boost-1.74.0-pyomvleapuufbg4siz7g3jwtkkvwfudc/lib:/cluster/apps/gcc-4.8.5/perl-5.34.0-75yvrlt7bfvt76rc7r2oh245oic3idvg/lib:/cluster/home/hugifl/resources/software/lib:/cluster/apps/lsf/10.1/linux2.6-glibc2.3-x86_64/lib::
2024-01-14 17:49:14.959576: I tensorflow/compiler/xla/stream_executor/cuda/cudart_stub.cc:29] Ignore above cudart dlerror if you do not have a GPU set up on your machine.
2024-01-14 17:49:18.930685: W tensorflow/compiler/xla/stream_executor/platform/default/dso_loader.cc:64] Could not load dynamic library 'libnvinfer.so.7'; dlerror: libnvinfer.so.7: cannot open shared object file: No such file or directory; LD_LIBRARY_PATH: /cluster/apps/lsf/10.1/linux2.6-glibc2.3-x86_64/lib:/cluster/apps/gcc-4.8.5/r-4.1.3-zhohf2ta256vpv74j4uq24doqdfqyllj/rlib/R/lib:/cluster/apps/gcc-4.8.5/zlib-1.2.9-dfllxkobdix3ujpfjwsnnyv6vj7ufwcw/lib:/cluster/apps/gcc-4.8.5/openblas-0.2.20-ut6yhgxs5opzdjsqbfm7kaodfpqj7haf/lib:/cluster/apps/nss/python/3.7.4/x86_64/lib64:/cluster/apps/gcc-4.8.5/hdf5-1.10.9-j3urjulfpkxdslamrubc4p4ssfv5g5iu/lib:/cluster/apps/gcc-4.8.5/fastqc-0.11.9-idl77akhjkw5ounkpxxur2vg74aigeep/lib:/cluster/apps/gcc-4.8.5/emboss-6.6.0-j6uwtc5qzuwmm37w4fetov5n4wabfskd/lib:/cluster/apps/gcc-4.8.5/boost-1.74.0-pyomvleapuufbg4siz7g3jwtkkvwfudc/lib:/cluster/apps/gcc-4.8.5/perl-5.34.0-75yvrlt7bfvt76rc7r2oh245oic3idvg/lib:/cluster/home/hugifl/resources/software/lib:/cluster/apps/lsf/10.1/linux2.6-glibc2.3-x86_64/lib::
2024-01-14 17:49:18.954977: W tensorflow/compiler/xla/stream_executor/platform/default/dso_loader.cc:64] Could not load dynamic library 'libnvinfer_plugin.so.7'; dlerror: libnvinfer_plugin.so.7: cannot open shared object file: No such file or directory; LD_LIBRARY_PATH: /cluster/apps/lsf/10.1/linux2.6-glibc2.3-x86_64/lib:/cluster/apps/gcc-4.8.5/r-4.1.3-zhohf2ta256vpv74j4uq24doqdfqyllj/rlib/R/lib:/cluster/apps/gcc-4.8.5/zlib-1.2.9-dfllxkobdix3ujpfjwsnnyv6vj7ufwcw/lib:/cluster/apps/gcc-4.8.5/openblas-0.2.20-ut6yhgxs5opzdjsqbfm7kaodfpqj7haf/lib:/cluster/apps/nss/python/3.7.4/x86_64/lib64:/cluster/apps/gcc-4.8.5/hdf5-1.10.9-j3urjulfpkxdslamrubc4p4ssfv5g5iu/lib:/cluster/apps/gcc-4.8.5/fastqc-0.11.9-idl77akhjkw5ounkpxxur2vg74aigeep/lib:/cluster/apps/gcc-4.8.5/emboss-6.6.0-j6uwtc5qzuwmm37w4fetov5n4wabfskd/lib:/cluster/apps/gcc-4.8.5/boost-1.74.0-pyomvleapuufbg4siz7g3jwtkkvwfudc/lib:/cluster/apps/gcc-4.8.5/perl-5.34.0-75yvrlt7bfvt76rc7r2oh245oic3idvg/lib:/cluster/home/hugifl/resources/software/lib:/cluster/apps/lsf/10.1/linux2.6-glibc2.3-x86_64/lib::
2024-01-14 17:49:18.955002: W tensorflow/compiler/tf2tensorrt/utils/py_utils.cc:38] TF-TRT Warning: Cannot dlopen some TensorRT libraries. If you would like to use Nvidia GPU with TensorRT, please make sure the missing libraries mentioned above are installed properly.
2024-01-14 17:49:28.451288: E tensorflow/compiler/xla/stream_executor/cuda/cuda_driver.cc:267] failed call to cuInit: CUDA_ERROR_NO_DEVICE: no CUDA-capable device is detected
2024-01-14 17:49:28.451526: I tensorflow/compiler/xla/stream_executor/cuda/cuda_diagnostics.cc:156] kernel driver does not appear to be running on this host (eu-g5-045-3): /proc/driver/nvidia/version does not exist
2024-01-14 17:49:28.453583: I tensorflow/core/platform/cpu_feature_guard.cc:193] This TensorFlow binary is optimized with oneAPI Deep Neural Network Library (oneDNN) to use the following CPU instructions in performance-critical operations:  AVX2 FMA
To enable them in other operations, rebuild TensorFlow with the appropriate compiler flags.
/cluster/apps/nss/python/3.7.4/x86_64/lib64/python3.7/site-packages/statsmodels/tools/_testing.py:19: FutureWarning: pandas.util.testing is deprecated. Use the functions in the public API at pandas.testing instead.
  import pandas.util.testing as tm
/cluster/home/hugifl/.local/lib/python3.7/site-packages/anndata/_core/anndata.py:1785: FutureWarning: X.dtype being converted to np.float32 from float64. In the next version of anndata (0.9) conversion will not be automatic. Pass dtype explicitly to avoid this warning. Pass `AnnData(X, dtype=X.dtype, ...)` to get the future behavour.
  [AnnData(sparse.csr_matrix(a.shape), obs=a.obs) for a in all_adatas],
Loaded checkpoint
Loaded from cache /cluster/scratch/hugifl/1_glycomics/1_init_lectin_codes.h5ad
Loaded from cache /cluster/scratch/hugifl/1_glycomics/1_init/evals.h5ad
Loaded checkpoint
Loaded checkpoint
divergence score:  1.622206564178045
Plotting latent space after 1 iterations of integration
Read from /cluster/scratch/hugifl/1_glycomics/2_integration_iteration_1_lectin/evals.h5ad
Cache loading failed
Number of nodes:  8992
Number of edges:  174883
MCMF took [s]:72.408671016
Caching to /cluster/scratch/hugifl/1_glycomics/3_integrate/matches.csv
accuracy (celltype_major):  0.7913752913752914
confusion matrix (celltype_major):  Target   1  3     4    5   6   7
Source                          
1        3  0    15   30   0   5
3        0  0     3    1   0   0
4       16  6  2616  200  12  75
5       29  0   171   86   3  32
6        0  0     2   11   0   2
7        6  0    57   40   0  11
